2021-12-05T11:07:21.239602-00:00 0 [System] [MY-013169] [Server] /usr/sbin/mysqld (mysqld 8.0.26) initializing of server in progress as process 42
2021-12-05T11:07:21.281089-00:00 1 [System] [MY-013576] [InnoDB] InnoDB initialization has started.
2021-12-05T11:07:24.132013-00:00 1 [System] [MY-013577] [InnoDB] InnoDB initialization has ended.
2021-12-05T11:07:28.686675-00:00 0 [Warning] [MY-013746] [Server] A deprecated TLS version TLSv1 is enabled for channel mysql_main
2021-12-05T11:07:28.687583-00:00 0 [Warning] [MY-013746] [Server] A deprecated TLS version TLSv1.1 is enabled for channel mysql_main
2021-12-05T11:07:28.707856-00:00 6 [Warning] [MY-010453] [Server] root@localhost is created with an empty password ! Please consider switching off the --initialize-insecure option.
2021-12-05T11:07:36.029379-00:00 0 [System] [MY-010116] [Server] /usr/sbin/mysqld (mysqld 8.0.26) starting as process 91
2021-12-05T11:07:36.062694-00:00 1 [System] [MY-013576] [InnoDB] InnoDB initialization has started.
2021-12-05T11:07:36.270578-00:00 1 [System] [MY-013577] [InnoDB] InnoDB initialization has ended.
2021-12-05T11:07:36.576711-00:00 0 [Warning] [MY-013746] [Server] A deprecated TLS version TLSv1 is enabled for channel mysql_main
2021-12-05T11:07:36.577258-00:00 0 [Warning] [MY-013746] [Server] A deprecated TLS version TLSv1.1 is enabled for channel mysql_main
2021-12-05T11:07:36.578467-00:00 0 [Warning] [MY-010068] [Server] CA certificate ca.pem is self signed.
2021-12-05T11:07:36.578998-00:00 0 [System] [MY-013602] [Server] Channel mysql_main configured to support TLS. Encrypted connections are now supported for this channel.
2021-12-05T11:07:36.584660-00:00 0 [Warning] [MY-011810] [Server] Insecure configuration for --pid-file: Location '/var/run/mysqld' in the path is accessible to all OS users. Consider choosing a different directory.
2021-12-05T11:07:36.607650-00:00 0 [System] [MY-011323] [Server] X Plugin ready for connections. Socket: /var/run/mysqld/mysqlx.sock
2021-12-05T11:07:36.607793-00:00 0 [System] [MY-010931] [Server] /usr/sbin/mysqld: ready for connections. Version: '8.0.26'  socket: '/var/run/mysqld/mysqld.sock'  port: 0  MySQL Community Server - GPL.
2021-12-05T11:07:41.129809-00:00 13 [System] [MY-013172] [Server] Received SHUTDOWN from user root. Shutting down mysqld (Version: 8.0.26).
2021-12-05T11:07:42.479634-00:00 0 [System] [MY-010910] [Server] /usr/sbin/mysqld: Shutdown complete (mysqld 8.0.26)  MySQL Community Server - GPL.
2021-12-05T11:07:43.352804-00:00 0 [System] [MY-010116] [Server] /usr/sbin/mysqld (mysqld 8.0.26) starting as process 1
2021-12-05T11:07:43.368971-00:00 1 [System] [MY-013576] [InnoDB] InnoDB initialization has started.
2021-12-05T11:07:43.588846-00:00 1 [System] [MY-013577] [InnoDB] InnoDB initialization has ended.
2021-12-05T11:07:43.839307-00:00 0 [Warning] [MY-013746] [Server] A deprecated TLS version TLSv1 is enabled for channel mysql_main
2021-12-05T11:07:43.839941-00:00 0 [Warning] [MY-013746] [Server] A deprecated TLS version TLSv1.1 is enabled for channel mysql_main
2021-12-05T11:07:43.840985-00:00 0 [Warning] [MY-010068] [Server] CA certificate ca.pem is self signed.
2021-12-05T11:07:43.841579-00:00 0 [System] [MY-013602] [Server] Channel mysql_main configured to support TLS. Encrypted connections are now supported for this channel.
2021-12-05T11:07:43.848013-00:00 0 [Warning] [MY-011810] [Server] Insecure configuration for --pid-file: Location '/var/run/mysqld' in the path is accessible to all OS users. Consider choosing a different directory.
2021-12-05T11:07:43.870796-00:00 0 [System] [MY-011323] [Server] X Plugin ready for connections. Bind-address: '::' port: 33060, socket: /var/run/mysqld/mysqlx.sock
2021-12-05T11:07:43.870958-00:00 0 [System] [MY-010931] [Server] /usr/sbin/mysqld: ready for connections. Version: '8.0.26'  socket: '/var/run/mysqld/mysqld.sock'  port: 3306  MySQL Community Server - GPL.
2021-12-05T11:17:45.567529-00:00 0 [System] [MY-013172] [Server] Received SHUTDOWN from user <via user signal>. Shutting down mysqld (Version: 8.0.26).
2021-12-05T11:17:46.131760-00:00 0 [System] [MY-010910] [Server] /usr/sbin/mysqld: Shutdown complete (mysqld 8.0.26)  MySQL Community Server - GPL.
